First, we show our ADMM algorithm is correct on a simple Boston data.
iter	    r norm	   eps pri	    s norm	  eps dual	 objective
1000	 0.0000000	 0.0000827	 0.0000000	 0.0002535	68642295.9363427
2000	 0.0000000	 0.0000827	 0.0000000	 0.0002535	68642295.9363427
3000	 0.0000000	 0.0000827	 0.0000000	 0.0002535	68642295.9363427
4000	 0.0000000	 0.0000827	 0.0000000	 0.0002535	68642295.9363427
5000	 0.0000000	 0.0000827	 0.0000000	 0.0002535	68642295.9363427
[-0.000000  0.000000  0.000000 -0.000000  0.000000  2.713107 -0.000000
 -0.000000  0.000000 -0.000000 -1.343499  0.180794 -3.543612]
[-0.000000  0.000000 -0.000000  0.000000 -0.000000  2.713353 -0.000000
 -0.000000 -0.000000 -0.000000 -1.343548  0.180955 -3.543383]
We simulate data as the approach in the paper.
Ground truth beta is [-1.0, 0.9048374180359595, -0.8187307530779818, 0.7408182206817179, -0.6703200460356393, 0.6065306597126334, -0.5488116360940264, 0.4965853037914095, -0.44932896411722156, 0.4065696597405991, -0.36787944117144233, 0.33287108369807955, -0.30119421191220214, 0.2725317930340126, -0.2465969639416065, 0.22313016014842982, -0.20189651799465538, 0.18268352405273466, -0.16529888822158653, 0.14956861922263506, -0.1353352832366127, 0.1224564282529819, -0.11080315836233387, 0.10025884372280375, -0.09071795328941251, 0.0820849986238988, -0.07427357821433388, 0.06720551273974976, -0.06081006262521797, 0.05502322005640723, -0.049787068367863944, 0.0450492023935578, -0.04076220397836621, 0.036883167401240015, -0.03337326996032608, 0.0301973834223185, -0.02732372244729256, 0.024723526470339388, -0.0223707718561656, 0.02024191144580439, -0.01831563888873418, 0.016572675401761255, -0.014995576820477703, 0.013568559012200934, -0.012277339903068436, 0.011108996538242306, -0.010051835744633586, 0.009095277101695816, -0.00822974704902003, 0.007446583070924338]
We compare the running time of our ADMM and lasso package in python sklearn.
iter	    r norm	   eps pri	    s norm	  eps dual	 objective
1000	 0.0000000	 0.0007202	 0.0000000	 0.0001271	1480.6127880
2000	 0.0000000	 0.0007202	 0.0000000	 0.0001271	1480.6127880
3000	 0.0000000	 0.0007202	 0.0000000	 0.0001271	1480.6127880
4000	 0.0000000	 0.0007202	 0.0000000	 0.0001271	1480.6127880
5000	 0.0000000	 0.0007202	 0.0000000	 0.0001271	1480.6127880
After 40.8898041248 s get ADMM result
Number of non-zero coef: 53
[-0.818778  0.340525 -0.354812  0.275438  0.000000  0.000000 -0.190362
  0.088196 -0.399576  0.000000]
After 0.3601770401 s get Lasso result
Number of non-zero coef: 55
[-0.878736  0.278249 -0.350244  0.338264 -0.000000  0.015301 -0.168524
  0.092424 -0.396929  0.000000]
We apply our algorithm for 100 lambda values from exp(-15.0) to exp(1.0).
The 0th lambda is 2.71828182846.
iter	    r norm	   eps pri	    s norm	  eps dual	 objective
1000	 0.0005879	 0.0007071	 0.0000000	 0.0001970	18329.7270885
2000	 0.0003973	 0.0007071	 0.0000000	 0.0001974	18331.5277040
3000	 0.0002685	 0.0007071	 0.0000000	 0.0001979	18333.2693540
4000	 0.0001814	 0.0007071	 0.0000000	 0.0001983	18334.6859517
5000	 0.0001226	 0.0007071	 0.0000000	 0.0001986	18335.7526611
The 1th lambda is 2.31636697678.
iter	    r norm	   eps pri	    s norm	  eps dual	 objective
1000	 0.0005879	 0.0007071	 0.0000000	 0.0001970	18329.7104619
2000	 0.0003973	 0.0007071	 0.0000000	 0.0001974	18331.5164686
3000	 0.0002685	 0.0007071	 0.0000000	 0.0001979	18333.2617617
4000	 0.0001814	 0.0007071	 0.0000000	 0.0001983	18334.6808212
5000	 0.0001226	 0.0007071	 0.0000000	 0.0001986	18335.7491942
The 2th lambda is 1.97387773223.
iter	    r norm	   eps pri	    s norm	  eps dual	 objective
1000	 0.0005879	 0.0007071	 0.0000000	 0.0001970	18329.6962937
2000	 0.0003973	 0.0007071	 0.0000000	 0.0001974	18331.5068945
3000	 0.0002685	 0.0007071	 0.0000000	 0.0001979	18333.2552920
4000	 0.0001814	 0.0007071	 0.0000000	 0.0001983	18334.6764493
5000	 0.0001226	 0.0007071	 0.0000000	 0.0001986	18335.7462399
The 3th lambda is 1.6820276497.
iter	    r norm	   eps pri	    s norm	  eps dual	 objective
1000	 0.0005879	 0.0007071	 0.0000000	 0.0001970	18329.6842203
2000	 0.0003973	 0.0007071	 0.0000000	 0.0001974	18331.4987359
3000	 0.0002685	 0.0007071	 0.0000000	 0.0001979	18333.2497789
4000	 0.0001814	 0.0007071	 0.0000000	 0.0001983	18334.6727239
5000	 0.0001226	 0.0007071	 0.0000000	 0.0001986	18335.7437224
The 4th lambda is 1.43332941456.
iter	    r norm	   eps pri	    s norm	  eps dual	 objective
1000	 0.0005879	 0.0007071	 0.0000000	 0.0001970	18329.6739321
2000	 0.0003973	 0.0007071	 0.0000000	 0.0001974	18331.4917837
3000	 0.0002685	 0.0007071	 0.0000000	 0.0001979	18333.2450809
4000	 0.0001814	 0.0007071	 0.0000000	 0.0001983	18334.6695492
5000	 0.0001226	 0.0007071	 0.0000000	 0.0001986	18335.7415771
The 5th lambda is 1.22140275816.
iter	    r norm	   eps pri	    s norm	  eps dual	 objective
1000	 0.0005879	 0.0007071	 0.0000000	 0.0001970	18329.6651650
2000	 0.0003973	 0.0007071	 0.0000000	 0.0001974	18331.4858593
3000	 0.0002685	 0.0007071	 0.0000000	 0.0001979	18333.2410776
4000	 0.0001814	 0.0007071	 0.0000000	 0.0001983	18334.6668440
5000	 0.0001226	 0.0007071	 0.0000000	 0.0001986	18335.7397491
The 6th lambda is 1.04081077419.
iter	    r norm	   eps pri	    s norm	  eps dual	 objective
1000	 0.0005879	 0.0007071	 0.0000000	 0.0001970	18329.6576942
2000	 0.0003973	 0.0007071	 0.0000000	 0.0001974	18331.4808110
3000	 0.0002685	 0.0007071	 0.0000000	 0.0001979	18333.2376661
4000	 0.0001814	 0.0007071	 0.0000000	 0.0001983	18334.6645387
5000	 0.0001226	 0.0007071	 0.0000000	 0.0001986	18335.7381913
The 7th lambda is 0.886920436717.
iter	    r norm	   eps pri	    s norm	  eps dual	 objective
1000	 0.0005879	 0.0007071	 0.0000000	 0.0001970	18329.6513280
2000	 0.0003973	 0.0007071	 0.0000000	 0.0001974	18331.4765090
3000	 0.0002685	 0.0007071	 0.0000000	 0.0001979	18333.2347591
4000	 0.0001814	 0.0007071	 0.0000000	 0.0001983	18334.6625743
5000	 0.0001226	 0.0007071	 0.0000000	 0.0001986	18335.7368639
The 8th lambda is 0.755783741456.
iter	    r norm	   eps pri	    s norm	  eps dual	 objective
1000	 0.0005879	 0.0007071	 0.0000000	 0.0001970	18329.6459031
2000	 0.0003973	 0.0007071	 0.0000000	 0.0001974	18331.4728432
3000	 0.0002685	 0.0007071	 0.0000000	 0.0001979	18333.2322819
4000	 0.0001814	 0.0007071	 0.0000000	 0.0001983	18334.6609003
5000	 0.0001226	 0.0007071	 0.0000000	 0.0001986	18335.7357327
The 9th lambda is 0.644036421083.
iter	    r norm	   eps pri	    s norm	  eps dual	 objective
1000	 0.0000018	 0.0007078	 0.0000000	 0.0001955	17887.3119281
2000	 0.0000009	 0.0007078	 0.0000000	 0.0001955	17887.5042206
3000	 0.0000005	 0.0007078	 0.0000000	 0.0001955	17887.6023083
4000	 0.0000002	 0.0007078	 0.0000000	 0.0001955	17887.6523413
5000	 0.0000001	 0.0007078	 0.0000000	 0.0001955	17887.6778621
The 10th lambda is 0.548811636094.
iter	    r norm	   eps pri	    s norm	  eps dual	 objective
1000	 0.0011154	 0.0007091	 0.0000246	 0.0001944	17075.1514113
2000	 0.0005689	 0.0007089	 0.0000126	 0.0001963	17185.4022543
3000	 0.0002902	 0.0007088	 0.0000064	 0.0001975	17243.3468097
4000	 0.0001480	 0.0007088	 0.0000033	 0.0001981	17273.3472627
5000	 0.0000755	 0.0007088	 0.0000017	 0.0001985	17288.7653173
The 11th lambda is 0.46766642701.
iter	    r norm	   eps pri	    s norm	  eps dual	 objective
1000	 0.0004101	 0.0007108	 0.0000188	 0.0001894	15435.6142489
2000	 0.0000629	 0.0007107	 0.0000029	 0.0001895	15390.0639299
3000	 0.0000096	 0.0007107	 0.0000004	 0.0001896	15383.1368154
4000	 0.0000015	 0.0007107	 0.0000001	 0.0001896	15382.0760506
5000	 0.0000002	 0.0007107	 0.0000000	 0.0001896	15381.9134399
The 12th lambda is 0.398519041085.
iter	    r norm	   eps pri	    s norm	  eps dual	 objective
1000	 0.0000438	 0.0007125	 0.0000039	 0.0001820	13181.2912649
2000	 0.0000011	 0.0007125	 0.0000001	 0.0001820	13181.1836226
3000	 0.0000000	 0.0007125	 0.0000000	 0.0001820	13181.1810282
4000	 0.0000000	 0.0007125	 0.0000000	 0.0001820	13181.1809642
5000	 0.0000000	 0.0007125	 0.0000000	 0.0001820	13181.1809626
The 13th lambda is 0.339595525645.
iter	    r norm	   eps pri	    s norm	  eps dual	 objective
1000	 0.0000178	 0.0007141	 0.0000020	 0.0001746	10891.1909277
2000	 0.0000001	 0.0007141	 0.0000000	 0.0001746	10891.5571585
3000	 0.0000000	 0.0007141	 0.0000000	 0.0001746	10891.5587601
4000	 0.0000000	 0.0007141	 0.0000000	 0.0001746	10891.5587671
5000	 0.0000000	 0.0007141	 0.0000000	 0.0001746	10891.5587671
The 14th lambda is 0.289384217939.
iter	    r norm	   eps pri	    s norm	  eps dual	 objective
1000	 0.0000019	 0.0007154	 0.0000002	 0.0001672	8836.8530162
2000	 0.0000000	 0.0007154	 0.0000000	 0.0001672	8836.8542940
3000	 0.0000000	 0.0007154	 0.0000000	 0.0001672	8836.8542944
4000	 0.0000000	 0.0007154	 0.0000000	 0.0001672	8836.8542944
5000	 0.0000000	 0.0007154	 0.0000000	 0.0001672	8836.8542944
The 15th lambda is 0.246596963942.
iter	    r norm	   eps pri	    s norm	  eps dual	 objective
1000	 0.0000001	 0.0007166	 0.0000000	 0.0001597	7034.4447806
2000	 0.0000000	 0.0007166	 0.0000000	 0.0001597	7034.4438122
3000	 0.0000000	 0.0007166	 0.0000000	 0.0001597	7034.4438122
4000	 0.0000000	 0.0007166	 0.0000000	 0.0001597	7034.4438122
5000	 0.0000000	 0.0007166	 0.0000000	 0.0001597	7034.4438122
The 16th lambda is 0.210136071201.
iter	    r norm	   eps pri	    s norm	  eps dual	 objective
1000	 0.0000000	 0.0007176	 0.0000000	 0.0001524	5440.9488703
2000	 0.0000000	 0.0007176	 0.0000000	 0.0001524	5440.9488678
3000	 0.0000000	 0.0007176	 0.0000000	 0.0001524	5440.9488678
4000	 0.0000000	 0.0007176	 0.0000000	 0.0001524	5440.9488678
5000	 0.0000000	 0.0007176	 0.0000000	 0.0001524	5440.9488678
The 17th lambda is 0.179066147911.
iter	    r norm	   eps pri	    s norm	  eps dual	 objective
1000	 0.0000000	 0.0007183	 0.0000000	 0.0001456	4140.6004745
2000	 0.0000000	 0.0007183	 0.0000000	 0.0001456	4140.6004745
3000	 0.0000000	 0.0007183	 0.0000000	 0.0001456	4140.6004745
4000	 0.0000000	 0.0007183	 0.0000000	 0.0001456	4140.6004745
5000	 0.0000000	 0.0007183	 0.0000000	 0.0001456	4140.6004745
The 18th lambda is 0.152590105757.
iter	    r norm	   eps pri	    s norm	  eps dual	 objective
1000	 0.0000000	 0.0007190	 0.0000000	 0.0001395	3112.9780925
2000	 0.0000000	 0.0007190	 0.0000000	 0.0001395	3112.9780924
3000	 0.0000000	 0.0007190	 0.0000000	 0.0001395	3112.9780924
4000	 0.0000000	 0.0007190	 0.0000000	 0.0001395	3112.9780924
5000	 0.0000000	 0.0007190	 0.0000000	 0.0001395	3112.9780924
The 19th lambda is 0.130028710878.
iter	    r norm	   eps pri	    s norm	  eps dual	 objective
1000	 0.0000000	 0.0007195	 0.0000000	 0.0001342	2343.9561986
2000	 0.0000000	 0.0007195	 0.0000000	 0.0001342	2343.9561986
3000	 0.0000000	 0.0007195	 0.0000000	 0.0001342	2343.9561986
4000	 0.0000000	 0.0007195	 0.0000000	 0.0001342	2343.9561986
5000	 0.0000000	 0.0007195	 0.0000000	 0.0001342	2343.9561986
The 20th lambda is 0.110803158362.
iter	    r norm	   eps pri	    s norm	  eps dual	 objective
1000	 0.0000000	 0.0007200	 0.0000000	 0.0001297	1773.2294408
2000	 0.0000000	 0.0007200	 0.0000000	 0.0001297	1773.2294408
3000	 0.0000000	 0.0007200	 0.0000000	 0.0001297	1773.2294408
4000	 0.0000000	 0.0007200	 0.0000000	 0.0001297	1773.2294408
5000	 0.0000000	 0.0007200	 0.0000000	 0.0001297	1773.2294408
The 21th lambda is 0.0944202231963.
iter	    r norm	   eps pri	    s norm	  eps dual	 objective
1000	 0.0000000	 0.0007203	 0.0000000	 0.0001258	1340.1227960
2000	 0.0000000	 0.0007203	 0.0000000	 0.0001258	1340.1227960
3000	 0.0000000	 0.0007203	 0.0000000	 0.0001258	1340.1227960
4000	 0.0000000	 0.0007203	 0.0000000	 0.0001258	1340.1227960
5000	 0.0000000	 0.0007203	 0.0000000	 0.0001258	1340.1227960
The 22th lambda is 0.0804596067495.
iter	    r norm	   eps pri	    s norm	  eps dual	 objective
1000	 0.0000000	 0.0007206	 0.0000000	 0.0001224	1014.9251706
2000	 0.0000000	 0.0007206	 0.0000000	 0.0001224	1014.9251706
3000	 0.0000000	 0.0007206	 0.0000000	 0.0001224	1014.9251706
4000	 0.0000000	 0.0007206	 0.0000000	 0.0001224	1014.9251706
5000	 0.0000000	 0.0007206	 0.0000000	 0.0001224	1014.9251706
The 23th lambda is 0.0685631541543.
iter	    r norm	   eps pri	    s norm	  eps dual	 objective
1000	 0.0000000	 0.0007209	 0.0000000	 0.0001194	764.5242852
2000	 0.0000000	 0.0007209	 0.0000000	 0.0001194	764.5242852
3000	 0.0000000	 0.0007209	 0.0000000	 0.0001194	764.5242852
4000	 0.0000000	 0.0007209	 0.0000000	 0.0001194	764.5242852
5000	 0.0000000	 0.0007209	 0.0000000	 0.0001194	764.5242852
The 24th lambda is 0.0584256659645.
iter	    r norm	   eps pri	    s norm	  eps dual	 objective
1000	 0.0000000	 0.0007211	 0.0000000	 0.0001168	574.2105531
2000	 0.0000000	 0.0007211	 0.0000000	 0.0001168	574.2105531
3000	 0.0000000	 0.0007211	 0.0000000	 0.0001168	574.2105531
4000	 0.0000000	 0.0007211	 0.0000000	 0.0001168	574.2105531
5000	 0.0000000	 0.0007211	 0.0000000	 0.0001168	574.2105531
The 25th lambda is 0.0497870683679.
iter	    r norm	   eps pri	    s norm	  eps dual	 objective
1000	 0.0000000	 0.0007213	 0.0000000	 0.0001145	428.9987678
2000	 0.0000000	 0.0007213	 0.0000000	 0.0001145	428.9987678
3000	 0.0000000	 0.0007213	 0.0000000	 0.0001145	428.9987678
4000	 0.0000000	 0.0007213	 0.0000000	 0.0001145	428.9987678
5000	 0.0000000	 0.0007213	 0.0000000	 0.0001145	428.9987678
The 26th lambda is 0.0424257410805.
iter	    r norm	   eps pri	    s norm	  eps dual	 objective
1000	 0.0000001	 0.0007214	 0.0000003	 0.0001125	317.9548000
2000	 0.0000000	 0.0007214	 0.0000000	 0.0001125	317.9550771
3000	 0.0000000	 0.0007214	 0.0000000	 0.0001125	317.9550779
4000	 0.0000000	 0.0007214	 0.0000000	 0.0001125	317.9550779
5000	 0.0000000	 0.0007214	 0.0000000	 0.0001125	317.9550779
The 27th lambda is 0.036152831754.
iter	    r norm	   eps pri	    s norm	  eps dual	 objective
1000	 0.0000006	 0.0007215	 0.0000016	 0.0001107	232.8115859
2000	 0.0000000	 0.0007215	 0.0000000	 0.0001107	232.8111157
3000	 0.0000000	 0.0007215	 0.0000000	 0.0001107	232.8111116
4000	 0.0000000	 0.0007215	 0.0000000	 0.0001107	232.8111116
5000	 0.0000000	 0.0007215	 0.0000000	 0.0001107	232.8111116
The 28th lambda is 0.0308074110328.
iter	    r norm	   eps pri	    s norm	  eps dual	 objective
1000	 0.0000013	 0.0007216	 0.0000034	 0.0001091	170.1742481
2000	 0.0000000	 0.0007216	 0.0000000	 0.0001091	170.1733744
3000	 0.0000000	 0.0007216	 0.0000000	 0.0001091	170.1733671
4000	 0.0000000	 0.0007216	 0.0000000	 0.0001091	170.1733671
5000	 0.0000000	 0.0007216	 0.0000000	 0.0001091	170.1733671
The 29th lambda is 0.0262523439657.
iter	    r norm	   eps pri	    s norm	  eps dual	 objective
1000	 0.0000027	 0.0007216	 0.0000092	 0.0001078	124.2946003
2000	 0.0000001	 0.0007216	 0.0000004	 0.0001078	124.3081424
3000	 0.0000000	 0.0007216	 0.0000000	 0.0001078	124.3087766
4000	 0.0000000	 0.0007216	 0.0000000	 0.0001078	124.3088065
5000	 0.0000000	 0.0007216	 0.0000000	 0.0001078	124.3088079
The 30th lambda is 0.0223707718562.
iter	    r norm	   eps pri	    s norm	  eps dual	 objective
1000	 0.0000037	 0.0007217	 0.0000164	 0.0001066	90.5788384
2000	 0.0000006	 0.0007217	 0.0000028	 0.0001066	90.5664399
3000	 0.0000001	 0.0007217	 0.0000005	 0.0001066	90.5641182
4000	 0.0000000	 0.0007217	 0.0000001	 0.0001066	90.5637193
5000	 0.0000000	 0.0007217	 0.0000000	 0.0001066	90.5636506
The 31th lambda is 0.0190631142916.
iter	    r norm	   eps pri	    s norm	  eps dual	 objective
1000	 0.0000076	 0.0007217	 0.0000369	 0.0001057	65.9249198
2000	 0.0000013	 0.0007218	 0.0000062	 0.0001057	65.8938115
3000	 0.0000003	 0.0007218	 0.0000013	 0.0001057	65.8878751
4000	 0.0000001	 0.0007218	 0.0000003	 0.0001057	65.8868252
5000	 0.0000000	 0.0007218	 0.0000001	 0.0001057	65.8866126
The 32th lambda is 0.0162445144419.
iter	    r norm	   eps pri	    s norm	  eps dual	 objective
1000	 0.0000094	 0.0007218	 0.0000483	 0.0001048	47.9343307
2000	 0.0000025	 0.0007219	 0.0000140	 0.0001048	47.9035540
3000	 0.0000007	 0.0007219	 0.0000041	 0.0001048	47.8987924
4000	 0.0000002	 0.0007219	 0.0000012	 0.0001048	47.8975750
5000	 0.0000001	 0.0007219	 0.0000004	 0.0001048	47.8972313
The 33th lambda is 0.0138426620865.
iter	    r norm	   eps pri	    s norm	  eps dual	 objective
1000	 0.0000190	 0.0007219	 0.0000645	 0.0001041	34.8700474
2000	 0.0000030	 0.0007219	 0.0000167	 0.0001041	34.8262607
3000	 0.0000009	 0.0007219	 0.0000049	 0.0001041	34.8210976
4000	 0.0000003	 0.0007219	 0.0000014	 0.0001041	34.8198267
5000	 0.0000001	 0.0007219	 0.0000004	 0.0001041	34.8194730
The 34th lambda is 0.0117959385198.
iter	    r norm	   eps pri	    s norm	  eps dual	 objective
1000	 0.0000275	 0.0007219	 0.0001366	 0.0001035	25.4113275
2000	 0.0000036	 0.0007220	 0.0000205	 0.0001035	25.3278130
3000	 0.0000011	 0.0007220	 0.0000060	 0.0001035	25.3219470
4000	 0.0000003	 0.0007220	 0.0000018	 0.0001035	25.3205820
5000	 0.0000001	 0.0007220	 0.0000005	 0.0001035	25.3202101
The 35th lambda is 0.0100518357446.
iter	    r norm	   eps pri	    s norm	  eps dual	 objective
1000	 0.0000356	 0.0007219	 0.0001632	 0.0001030	18.5024828
2000	 0.0000046	 0.0007220	 0.0000253	 0.0001030	18.4329637
3000	 0.0000013	 0.0007220	 0.0000071	 0.0001030	18.4292103
4000	 0.0000004	 0.0007221	 0.0000020	 0.0001030	18.4286316
5000	 0.0000001	 0.0007221	 0.0000006	 0.0001030	18.4285069
The 36th lambda is 0.0085656093975.
iter	    r norm	   eps pri	    s norm	  eps dual	 objective
1000	 0.0000525	 0.0007219	 0.0002677	 0.0001026	13.5724806
2000	 0.0000060	 0.0007221	 0.0000327	 0.0001026	13.4272404
3000	 0.0000017	 0.0007221	 0.0000083	 0.0001026	13.4218997
4000	 0.0000004	 0.0007221	 0.0000018	 0.0001026	13.4225636
5000	 0.0000001	 0.0007221	 0.0000004	 0.0001026	13.4227377
The 37th lambda is 0.00729913084679.
iter	    r norm	   eps pri	    s norm	  eps dual	 objective
1000	 0.0000316	 0.0007218	 0.0002540	 0.0001022	 9.8776686
2000	 0.0000077	 0.0007221	 0.0000402	 0.0001022	 9.7736409
3000	 0.0000028	 0.0007221	 0.0000128	 0.0001022	 9.7746203
4000	 0.0000005	 0.0007221	 0.0000028	 0.0001022	 9.7760535
5000	 0.0000001	 0.0007221	 0.0000006	 0.0001022	 9.7763723
The 38th lambda is 0.00621990901594.
iter	    r norm	   eps pri	    s norm	  eps dual	 objective
1000	 0.0000206	 0.0007217	 0.0002759	 0.0001019	 7.2068473
2000	 0.0000116	 0.0007221	 0.0000761	 0.0001019	 7.1227337
3000	 0.0000026	 0.0007221	 0.0000184	 0.0001019	 7.1161321
4000	 0.0000009	 0.0007221	 0.0000052	 0.0001019	 7.1184558
5000	 0.0000003	 0.0007221	 0.0000020	 0.0001019	 7.1185506
The 39th lambda is 0.00530025683587.
iter	    r norm	   eps pri	    s norm	  eps dual	 objective
1000	 0.0000312	 0.0007216	 0.0002547	 0.0001016	 5.2534052
2000	 0.0000287	 0.0007220	 0.0000931	 0.0001016	 5.1925687
3000	 0.0000035	 0.0007221	 0.0000232	 0.0001016	 5.1829296
4000	 0.0000015	 0.0007222	 0.0000101	 0.0001016	 5.1819360
5000	 0.0000007	 0.0007222	 0.0000048	 0.0001016	 5.1806230
The 40th lambda is 0.00451658094261.
iter	    r norm	   eps pri	    s norm	  eps dual	 objective
1000	 0.0000876	 0.0007216	 0.0002932	 0.0001014	 3.8287455
2000	 0.0000037	 0.0007219	 0.0001498	 0.0001014	 3.7949373
3000	 0.0000047	 0.0007221	 0.0000334	 0.0001013	 3.7724758
4000	 0.0000015	 0.0007222	 0.0000164	 0.0001014	 3.7753641
5000	 0.0000011	 0.0007222	 0.0000084	 0.0001013	 3.7726455
The 41th lambda is 0.00384877639761.
iter	    r norm	   eps pri	    s norm	  eps dual	 objective
1000	 0.0000691	 0.0007214	 0.0003069	 0.0001012	 2.7827603
2000	 0.0000080	 0.0007219	 0.0001299	 0.0001012	 2.7633142
3000	 0.0000054	 0.0007221	 0.0000579	 0.0001012	 2.7509401
4000	 0.0000034	 0.0007222	 0.0000204	 0.0001012	 2.7488802
5000	 0.0000010	 0.0007222	 0.0000152	 0.0001012	 2.7496982
The 42th lambda is 0.00327971090234.
iter	    r norm	   eps pri	    s norm	  eps dual	 objective
1000	 0.0000391	 0.0007213	 0.0003397	 0.0001010	 2.0282289
2000	 0.0000192	 0.0007218	 0.0001393	 0.0001010	 2.0178498
3000	 0.0000229	 0.0007220	 0.0000853	 0.0001010	 2.0057250
4000	 0.0000034	 0.0007221	 0.0000232	 0.0001010	 2.0018247
5000	 0.0000015	 0.0007222	 0.0000144	 0.0001010	 2.0030935
The 43th lambda is 0.00279478527504.
iter	    r norm	   eps pri	    s norm	  eps dual	 objective
1000	 0.0000370	 0.0007211	 0.0003963	 0.0001008	 1.4786341
2000	 0.0000099	 0.0007217	 0.0001317	 0.0001008	 1.4725128
3000	 0.0000026	 0.0007219	 0.0000929	 0.0001008	 1.4632438
4000	 0.0000049	 0.0007221	 0.0000494	 0.0001008	 1.4599357
5000	 0.0000017	 0.0007222	 0.0000169	 0.0001008	 1.4602066
The 44th lambda is 0.00238155891362.
iter	    r norm	   eps pri	    s norm	  eps dual	 objective
1000	 0.0000541	 0.0007209	 0.0004057	 0.0001007	 1.0905067
2000	 0.0000394	 0.0007216	 0.0001339	 0.0001007	 1.0770434
3000	 0.0000037	 0.0007218	 0.0000839	 0.0001007	 1.0683314
4000	 0.0000011	 0.0007220	 0.0000786	 0.0001007	 1.0656558
5000	 0.0000033	 0.0007221	 0.0000308	 0.0001007	 1.0646742
The 45th lambda is 0.0020294306363.
iter	    r norm	   eps pri	    s norm	  eps dual	 objective
1000	 0.0000558	 0.0007207	 0.0005005	 0.0001006	 0.8042853
2000	 0.0000162	 0.0007215	 0.0001549	 0.0001006	 0.7850003
3000	 0.0000075	 0.0007218	 0.0000900	 0.0001006	 0.7799666
4000	 0.0000021	 0.0007219	 0.0000677	 0.0001006	 0.7768976
5000	 0.0000083	 0.0007221	 0.0000450	 0.0001006	 0.7745979
The 46th lambda is 0.00172936671186.
iter	    r norm	   eps pri	    s norm	  eps dual	 objective
1000	 0.0000327	 0.0007203	 0.0005300	 0.0001005	 0.5928082
2000	 0.0000179	 0.0007213	 0.0001554	 0.0001005	 0.5718595
3000	 0.0000021	 0.0007217	 0.0000896	 0.0001005	 0.5720527
4000	 0.0000088	 0.0007218	 0.0000624	 0.0001005	 0.5681941
5000	 0.0000011	 0.0007220	 0.0000573	 0.0001005	 0.5664301
The 47th lambda is 0.00147366910235.
iter	    r norm	   eps pri	    s norm	  eps dual	 objective
1000	 0.0000728	 0.0007200	 0.0005262	 0.0001005	 0.4380181
2000	 0.0000402	 0.0007212	 0.0001767	 0.0001004	 0.4168880
3000	 0.0000025	 0.0007216	 0.0001111	 0.0001004	 0.4179711
4000	 0.0000013	 0.0007217	 0.0000686	 0.0001004	 0.4156541
5000	 0.0000007	 0.0007219	 0.0000515	 0.0001004	 0.4142042
The 48th lambda is 0.00125577797256.
iter	    r norm	   eps pri	    s norm	  eps dual	 objective
1000	 0.0000555	 0.0007196	 0.0005428	 0.0001004	 0.3174473
2000	 0.0000335	 0.0007210	 0.0001917	 0.0001004	 0.3082237
3000	 0.0000030	 0.0007214	 0.0001061	 0.0001004	 0.3048353
4000	 0.0000025	 0.0007217	 0.0000651	 0.0001004	 0.3049228
5000	 0.0000022	 0.0007218	 0.0000548	 0.0001004	 0.3032044
The 49th lambda is 0.00107010339964.
iter	    r norm	   eps pri	    s norm	  eps dual	 objective
1000	 0.0000429	 0.0007192	 0.0005517	 0.0001003	 0.2332638
2000	 0.0000357	 0.0007208	 0.0002503	 0.0001003	 0.2286537
3000	 0.0000076	 0.0007213	 0.0001105	 0.0001003	 0.2230187
4000	 0.0000006	 0.0007215	 0.0000810	 0.0001003	 0.2232890
5000	 0.0000003	 0.0007217	 0.0000553	 0.0001003	 0.2228736
The 50th lambda is 0.000911881965555.
iter	    r norm	   eps pri	    s norm	  eps dual	 objective
1000	 0.0000482	 0.0007188	 0.0005532	 0.0001003	 0.1749589
2000	 0.0000431	 0.0007204	 0.0002467	 0.0001003	 0.1676062
3000	 0.0000082	 0.0007211	 0.0001326	 0.0001003	 0.1641130
4000	 0.0000047	 0.0007214	 0.0000773	 0.0001003	 0.1630754
5000	 0.0000070	 0.0007216	 0.0000676	 0.0001003	 0.1633222
The 51th lambda is 0.000777054553218.
iter	    r norm	   eps pri	    s norm	  eps dual	 objective
1000	 0.0000243	 0.0007184	 0.0005351	 0.0001002	 0.1282243
2000	 0.0000300	 0.0007201	 0.0002507	 0.0001002	 0.1248189
3000	 0.0000100	 0.0007209	 0.0001324	 0.0001002	 0.1214871
4000	 0.0000013	 0.0007212	 0.0000823	 0.0001002	 0.1196429
5000	 0.0000001	 0.0007215	 0.0000656	 0.0001002	 0.1195928
The 52th lambda is 0.000662162211212.
iter	    r norm	   eps pri	    s norm	  eps dual	 objective
1000	 0.0000245	 0.0007180	 0.0005128	 0.0001002	 0.0934959
2000	 0.0000193	 0.0007197	 0.0002706	 0.0001002	 0.0917181
3000	 0.0000036	 0.0007206	 0.0001678	 0.0001002	 0.0900707
4000	 0.0000035	 0.0007210	 0.0000981	 0.0001002	 0.0884134
5000	 0.0000061	 0.0007213	 0.0000611	 0.0001002	 0.0877599
The 53th lambda is 0.000564257415573.
iter	    r norm	   eps pri	    s norm	  eps dual	 objective
1000	 0.0000297	 0.0007176	 0.0004798	 0.0001002	 0.0687753
2000	 0.0000087	 0.0007193	 0.0002724	 0.0001002	 0.0674427
3000	 0.0000007	 0.0007203	 0.0001759	 0.0001002	 0.0671202
4000	 0.0000135	 0.0007208	 0.0001022	 0.0001002	 0.0658958
5000	 0.0000041	 0.0007211	 0.0000806	 0.0001002	 0.0648709
The 54th lambda is 0.000480828452058.
iter	    r norm	   eps pri	    s norm	  eps dual	 objective
1000	 0.0000483	 0.0007173	 0.0004502	 0.0001002	 0.0506925
2000	 0.0000076	 0.0007189	 0.0002665	 0.0001001	 0.0505953
3000	 0.0000142	 0.0007199	 0.0001763	 0.0001001	 0.0498037
4000	 0.0000051	 0.0007205	 0.0001243	 0.0001001	 0.0487278
5000	 0.0000015	 0.0007209	 0.0000817	 0.0001001	 0.0481879
The 55th lambda is 0.00040973497898.
iter	    r norm	   eps pri	    s norm	  eps dual	 objective
1000	 0.0000630	 0.0007169	 0.0004555	 0.0001001	 0.0379461
2000	 0.0000176	 0.0007185	 0.0002793	 0.0001001	 0.0374520
3000	 0.0000042	 0.0007195	 0.0001796	 0.0001001	 0.0365136
4000	 0.0000021	 0.0007202	 0.0001278	 0.0001001	 0.0364553
5000	 0.0000032	 0.0007207	 0.0001001	 0.0001001	 0.0359036
The 56th lambda is 0.00034915311746.
iter	    r norm	   eps pri	    s norm	  eps dual	 objective
1000	 0.0000240	 0.0007165	 0.0004897	 0.0001001	 0.0279582
2000	 0.0000175	 0.0007181	 0.0002592	 0.0001001	 0.0276899
3000	 0.0000046	 0.0007192	 0.0001831	 0.0001001	 0.0272935
4000	 0.0000043	 0.0007198	 0.0001299	 0.0001001	 0.0272157
5000	 0.0000020	 0.0007203	 0.0001068	 0.0001001	 0.0268180
The 57th lambda is 0.000297528660442.
iter	    r norm	   eps pri	    s norm	  eps dual	 objective
1000	 0.0000545	 0.0007162	 0.0004464	 0.0001001	 0.0209868
2000	 0.0000148	 0.0007177	 0.0002431	 0.0001001	 0.0204830
3000	 0.0000020	 0.0007188	 0.0001852	 0.0001001	 0.0205813
4000	 0.0000070	 0.0007195	 0.0001343	 0.0001001	 0.0200679
5000	 0.0000051	 0.0007200	 0.0001047	 0.0001001	 0.0202043
The 58th lambda is 0.000253537200035.
iter	    r norm	   eps pri	    s norm	  eps dual	 objective
1000	 0.0000354	 0.0007158	 0.0004330	 0.0001001	 0.0158956
2000	 0.0000037	 0.0007174	 0.0002340	 0.0001001	 0.0152435
3000	 0.0000062	 0.0007183	 0.0001747	 0.0001001	 0.0153378
4000	 0.0000030	 0.0007191	 0.0001359	 0.0001001	 0.0151349
5000	 0.0000034	 0.0007196	 0.0001091	 0.0001001	 0.0148402
The 59th lambda is 0.000216050150281.
iter	    r norm	   eps pri	    s norm	  eps dual	 objective
1000	 0.0000387	 0.0007155	 0.0004037	 0.0001001	 0.0119158
2000	 0.0000183	 0.0007170	 0.0002288	 0.0001001	 0.0114812
3000	 0.0000037	 0.0007179	 0.0001679	 0.0001001	 0.0113934
4000	 0.0000198	 0.0007187	 0.0001356	 0.0001001	 0.0113600
5000	 0.0000013	 0.0007192	 0.0001112	 0.0001001	 0.0111800
The 60th lambda is 0.000184105793668.
iter	    r norm	   eps pri	    s norm	  eps dual	 objective
1000	 0.0000229	 0.0007152	 0.0004057	 0.0001001	 0.0091824
2000	 0.0000121	 0.0007167	 0.0002373	 0.0001001	 0.0087345
3000	 0.0000094	 0.0007176	 0.0001581	 0.0001001	 0.0085498
4000	 0.0000080	 0.0007182	 0.0001285	 0.0001001	 0.0085825
5000	 0.0000166	 0.0007188	 0.0001039	 0.0001001	 0.0085354
The 61th lambda is 0.000156884608587.
iter	    r norm	   eps pri	    s norm	  eps dual	 objective
1000	 0.0000254	 0.0007148	 0.0003877	 0.0001001	 0.0070571
2000	 0.0000042	 0.0007163	 0.0002302	 0.0001000	 0.0065509
3000	 0.0000171	 0.0007172	 0.0001488	 0.0001000	 0.0064499
4000	 0.0000031	 0.0007179	 0.0001236	 0.0001000	 0.0064406
5000	 0.0000002	 0.0007184	 0.0001080	 0.0001000	 0.0064407
The 62th lambda is 0.000133688244791.
iter	    r norm	   eps pri	    s norm	  eps dual	 objective
1000	 0.0000094	 0.0007145	 0.0003812	 0.0001000	 0.0055230
2000	 0.0000122	 0.0007159	 0.0002182	 0.0001000	 0.0050420
3000	 0.0000099	 0.0007169	 0.0001542	 0.0001000	 0.0049493
4000	 0.0000014	 0.0007175	 0.0001180	 0.0001000	 0.0048672
5000	 0.0000065	 0.0007180	 0.0001025	 0.0001000	 0.0048537
The 63th lambda is 0.000113921607457.
iter	    r norm	   eps pri	    s norm	  eps dual	 objective
1000	 0.0000115	 0.0007142	 0.0003700	 0.0001000	 0.0042845
2000	 0.0000081	 0.0007156	 0.0002046	 0.0001000	 0.0038676
3000	 0.0000067	 0.0007165	 0.0001608	 0.0001000	 0.0037578
4000	 0.0000016	 0.0007172	 0.0001189	 0.0001000	 0.0037123
5000	 0.0000002	 0.0007176	 0.0000967	 0.0001000	 0.0037019
The 64th lambda is 9.70775902233e-05.
iter	    r norm	   eps pri	    s norm	  eps dual	 objective
1000	 0.0000218	 0.0007139	 0.0003509	 0.0001000	 0.0033676
2000	 0.0000138	 0.0007153	 0.0002017	 0.0001000	 0.0030173
3000	 0.0000087	 0.0007161	 0.0001510	 0.0001000	 0.0029133
4000	 0.0000010	 0.0007168	 0.0001204	 0.0001000	 0.0028758
5000	 0.0000010	 0.0007173	 0.0000904	 0.0001000	 0.0028284
The 65th lambda is 8.27240655566e-05.
iter	    r norm	   eps pri	    s norm	  eps dual	 objective
1000	 0.0000094	 0.0007137	 0.0003356	 0.0001000	 0.0026663
2000	 0.0000062	 0.0007150	 0.0001979	 0.0001000	 0.0023717
3000	 0.0000042	 0.0007158	 0.0001433	 0.0001000	 0.0022723
4000	 0.0000006	 0.0007164	 0.0001186	 0.0001000	 0.0022147
5000	 0.0000011	 0.0007169	 0.0000914	 0.0001000	 0.0022081
The 66th lambda is 7.04927986621e-05.
iter	    r norm	   eps pri	    s norm	  eps dual	 objective
1000	 0.0000130	 0.0007134	 0.0003193	 0.0001000	 0.0021241
2000	 0.0000107	 0.0007146	 0.0001913	 0.0001000	 0.0018861
3000	 0.0000111	 0.0007154	 0.0001357	 0.0001000	 0.0017757
4000	 0.0000024	 0.0007161	 0.0001137	 0.0001000	 0.0017351
5000	 0.0000073	 0.0007166	 0.0000961	 0.0001000	 0.0017116
The 67th lambda is 6.00700005468e-05.
iter	    r norm	   eps pri	    s norm	  eps dual	 objective
1000	 0.0000105	 0.0007131	 0.0003023	 0.0001000	 0.0017016
2000	 0.0000102	 0.0007143	 0.0001839	 0.0001000	 0.0014966
3000	 0.0000040	 0.0007151	 0.0001355	 0.0001000	 0.0014130
4000	 0.0000034	 0.0007157	 0.0001065	 0.0001000	 0.0013680
5000	 0.0000013	 0.0007162	 0.0000896	 0.0001000	 0.0013428
The 68th lambda is 5.11882778691e-05.
iter	    r norm	   eps pri	    s norm	  eps dual	 objective
1000	 0.0000134	 0.0007129	 0.0002855	 0.0001000	 0.0013661
2000	 0.0000061	 0.0007140	 0.0001770	 0.0001000	 0.0011963
3000	 0.0000035	 0.0007148	 0.0001296	 0.0001000	 0.0011292
4000	 0.0000006	 0.0007154	 0.0001025	 0.0001000	 0.0010868
5000	 0.0000029	 0.0007158	 0.0000865	 0.0001000	 0.0010682
The 69th lambda is 4.36197730541e-05.
iter	    r norm	   eps pri	    s norm	  eps dual	 objective
1000	 0.0000047	 0.0007127	 0.0002647	 0.0001000	 0.0010986
2000	 0.0000020	 0.0007137	 0.0001720	 0.0001000	 0.0009702
3000	 0.0000028	 0.0007145	 0.0001248	 0.0001000	 0.0009097
4000	 0.0000005	 0.0007151	 0.0001007	 0.0001000	 0.0008734
5000	 0.0000051	 0.0007155	 0.0000797	 0.0001000	 0.0008509
The 70th lambda is 3.71703186841e-05.
iter	    r norm	   eps pri	    s norm	  eps dual	 objective
1000	 0.0000066	 0.0007125	 0.0002490	 0.0001000	 0.0008941
2000	 0.0000037	 0.0007135	 0.0001608	 0.0001000	 0.0007889
3000	 0.0000020	 0.0007142	 0.0001212	 0.0001000	 0.0007357
4000	 0.0000020	 0.0007147	 0.0000963	 0.0001000	 0.0007092
5000	 0.0000027	 0.0007152	 0.0000810	 0.0001000	 0.0006878
The 71th lambda is 3.16744562006e-05.
iter	    r norm	   eps pri	    s norm	  eps dual	 objective
1000	 0.0000080	 0.0007123	 0.0002353	 0.0001000	 0.0007309
2000	 0.0000014	 0.0007132	 0.0001521	 0.0001000	 0.0006442
3000	 0.0000012	 0.0007139	 0.0001165	 0.0001000	 0.0006017
4000	 0.0000004	 0.0007144	 0.0000933	 0.0001000	 0.0005767
5000	 0.0000009	 0.0007149	 0.0000779	 0.0001000	 0.0005587
The 72th lambda is 2.69911911202e-05.
iter	    r norm	   eps pri	    s norm	  eps dual	 objective
1000	 0.0000041	 0.0007122	 0.0002235	 0.0001000	 0.0006018
2000	 0.0000048	 0.0007130	 0.0001448	 0.0001000	 0.0005293
3000	 0.0000014	 0.0007136	 0.0001106	 0.0001000	 0.0004944
4000	 0.0000013	 0.0007141	 0.0000896	 0.0001000	 0.0004717
5000	 0.0000003	 0.0007146	 0.0000768	 0.0001000	 0.0004593
The 73th lambda is 2.30003758699e-05.
iter	    r norm	   eps pri	    s norm	  eps dual	 objective
1000	 0.0000042	 0.0007120	 0.0002124	 0.0001000	 0.0004982
2000	 0.0000013	 0.0007128	 0.0001351	 0.0001000	 0.0004370
3000	 0.0000032	 0.0007134	 0.0001054	 0.0001000	 0.0004086
4000	 0.0000024	 0.0007138	 0.0000869	 0.0001000	 0.0003905
5000	 0.0000014	 0.0007143	 0.0000739	 0.0001000	 0.0003778
The 74th lambda is 1.95996274414e-05.
iter	    r norm	   eps pri	    s norm	  eps dual	 objective
1000	 0.0000044	 0.0007119	 0.0001986	 0.0001000	 0.0004132
2000	 0.0000014	 0.0007126	 0.0001265	 0.0001000	 0.0003628
3000	 0.0000009	 0.0007131	 0.0001001	 0.0001000	 0.0003400
4000	 0.0000008	 0.0007136	 0.0000819	 0.0001000	 0.0003243
5000	 0.0000008	 0.0007140	 0.0000705	 0.0001000	 0.0003130
The 75th lambda is 1.67017007902e-05.
iter	    r norm	   eps pri	    s norm	  eps dual	 objective
1000	 0.0000037	 0.0007118	 0.0001876	 0.0001000	 0.0003449
2000	 0.0000019	 0.0007124	 0.0001194	 0.0001000	 0.0003028
3000	 0.0000012	 0.0007129	 0.0000945	 0.0001000	 0.0002835
4000	 0.0000003	 0.0007133	 0.0000781	 0.0001000	 0.0002706
5000	 0.0000001	 0.0007137	 0.0000675	 0.0001000	 0.0002615
The 76th lambda is 1.42322505936e-05.
iter	    r norm	   eps pri	    s norm	  eps dual	 objective
1000	 0.0000096	 0.0007116	 0.0001755	 0.0001000	 0.0002888
2000	 0.0000050	 0.0007122	 0.0001137	 0.0001000	 0.0002540
3000	 0.0000018	 0.0007127	 0.0000866	 0.0001000	 0.0002369
4000	 0.0000005	 0.0007131	 0.0000734	 0.0001000	 0.0002268
5000	 0.0000010	 0.0007134	 0.0000638	 0.0001000	 0.0002191
The 77th lambda is 1.21279239463e-05.
iter	    r norm	   eps pri	    s norm	  eps dual	 objective
1000	 0.0000005	 0.0007115	 0.0001636	 0.0001000	 0.0002428
2000	 0.0000007	 0.0007121	 0.0001084	 0.0001000	 0.0002142
3000	 0.0000006	 0.0007125	 0.0000820	 0.0001000	 0.0001996
4000	 0.0000001	 0.0007128	 0.0000699	 0.0001000	 0.0001910
5000	 0.0000005	 0.0007132	 0.0000605	 0.0001000	 0.0001846
The 78th lambda is 1.03347350639e-05.
iter	    r norm	   eps pri	    s norm	  eps dual	 objective
1000	 0.0000037	 0.0007114	 0.0001511	 0.0001000	 0.0002046
2000	 0.0000038	 0.0007119	 0.0001010	 0.0001000	 0.0001810
3000	 0.0000019	 0.0007123	 0.0000779	 0.0001000	 0.0001688
4000	 0.0000003	 0.0007126	 0.0000644	 0.0001000	 0.0001611
5000	 0.0000005	 0.0007129	 0.0000573	 0.0001000	 0.0001560
The 79th lambda is 8.80668029533e-06.
iter	    r norm	   eps pri	    s norm	  eps dual	 objective
1000	 0.0000053	 0.0007114	 0.0001414	 0.0001000	 0.0001731
2000	 0.0000007	 0.0007118	 0.0000954	 0.0001000	 0.0001535
3000	 0.0000014	 0.0007122	 0.0000742	 0.0001000	 0.0001433
4000	 0.0000016	 0.0007125	 0.0000607	 0.0001000	 0.0001366
5000	 0.0000004	 0.0007127	 0.0000530	 0.0001000	 0.0001320
The 80th lambda is 7.50455791508e-06.
iter	    r norm	   eps pri	    s norm	  eps dual	 objective
1000	 0.0000011	 0.0007113	 0.0001317	 0.0001000	 0.0001468
2000	 0.0000005	 0.0007117	 0.0000895	 0.0001000	 0.0001307
3000	 0.0000014	 0.0007120	 0.0000703	 0.0001000	 0.0001221
4000	 0.0000033	 0.0007123	 0.0000578	 0.0001000	 0.0001163
5000	 0.0000001	 0.0007125	 0.0000499	 0.0001000	 0.0001123
The 81th lambda is 6.39496241627e-06.
iter	    r norm	   eps pri	    s norm	  eps dual	 objective
1000	 0.0000029	 0.0007112	 0.0001221	 0.0001000	 0.0001249
2000	 0.0000023	 0.0007116	 0.0000838	 0.0001000	 0.0001115
3000	 0.0000003	 0.0007119	 0.0000656	 0.0001000	 0.0001042
4000	 0.0000001	 0.0007121	 0.0000551	 0.0001000	 0.0000993
5000	 0.0000004	 0.0007123	 0.0000473	 0.0001000	 0.0000959
The 82th lambda is 5.4494275037e-06.
iter	    r norm	   eps pri	    s norm	  eps dual	 objective
1000	 0.0000033	 0.0007112	 0.0001123	 0.0001000	 0.0001065
2000	 0.0000005	 0.0007115	 0.0000774	 0.0001000	 0.0000954
3000	 0.0000001	 0.0007117	 0.0000623	 0.0001000	 0.0000892
4000	 0.0000002	 0.0007120	 0.0000518	 0.0001000	 0.0000851
5000	 0.0000003	 0.0007122	 0.0000448	 0.0001000	 0.0000821
The 83th lambda is 4.6436958007e-06.
iter	    r norm	   eps pri	    s norm	  eps dual	 objective
1000	 0.0000025	 0.0007111	 0.0001032	 0.0001000	 0.0000909
2000	 0.0000027	 0.0007114	 0.0000725	 0.0001000	 0.0000817
3000	 0.0000005	 0.0007116	 0.0000579	 0.0001000	 0.0000765
4000	 0.0000001	 0.0007118	 0.0000488	 0.0001000	 0.0000730
5000	 0.0000002	 0.0007120	 0.0000426	 0.0001000	 0.0000705
The 84th lambda is 3.95709653441e-06.
iter	    r norm	   eps pri	    s norm	  eps dual	 objective
1000	 0.0000030	 0.0007111	 0.0000946	 0.0001000	 0.0000778
2000	 0.0000001	 0.0007113	 0.0000674	 0.0001000	 0.0000701
3000	 0.0000009	 0.0007115	 0.0000538	 0.0001000	 0.0000658
4000	 0.0000005	 0.0007117	 0.0000458	 0.0001000	 0.0000628
5000	 0.0000011	 0.0007119	 0.0000398	 0.0001000	 0.0000606
The 85th lambda is 3.37201523414e-06.
iter	    r norm	   eps pri	    s norm	  eps dual	 objective
1000	 0.0000020	 0.0007111	 0.0000863	 0.0001000	 0.0000666
2000	 0.0000007	 0.0007113	 0.0000626	 0.0001000	 0.0000603
3000	 0.0000001	 0.0007114	 0.0000498	 0.0001000	 0.0000566
4000	 0.0000001	 0.0007116	 0.0000429	 0.0001000	 0.0000541
5000	 0.0000001	 0.0007118	 0.0000376	 0.0001000	 0.0000522
The 86th lambda is 2.87344183807e-06.
iter	    r norm	   eps pri	    s norm	  eps dual	 objective
1000	 0.0000003	 0.0007110	 0.0000781	 0.0001000	 0.0000570
2000	 0.0000010	 0.0007112	 0.0000579	 0.0001000	 0.0000519
3000	 0.0000001	 0.0007114	 0.0000466	 0.0001000	 0.0000488
4000	 0.0000001	 0.0007115	 0.0000396	 0.0001000	 0.0000467
5000	 0.0000003	 0.0007116	 0.0000352	 0.0001000	 0.0000451
The 87th lambda is 2.44858561527e-06.
iter	    r norm	   eps pri	    s norm	  eps dual	 objective
1000	 0.0000019	 0.0007110	 0.0000702	 0.0001000	 0.0000489
2000	 0.0000009	 0.0007112	 0.0000533	 0.0001000	 0.0000447
3000	 0.0000002	 0.0007113	 0.0000435	 0.0001000	 0.0000421
4000	 0.0000002	 0.0007114	 0.0000367	 0.0001000	 0.0000403
5000	 0.0000011	 0.0007115	 0.0000328	 0.0001000	 0.0000390
The 88th lambda is 2.0865470238e-06.
iter	    r norm	   eps pri	    s norm	  eps dual	 objective
1000	 0.0000012	 0.0007110	 0.0000628	 0.0001000	 0.0000419
2000	 0.0000002	 0.0007111	 0.0000486	 0.0001000	 0.0000386
3000	 0.0000003	 0.0007112	 0.0000402	 0.0001000	 0.0000364
4000	 0.0000001	 0.0007113	 0.0000346	 0.0001000	 0.0000349
5000	 0.0000001	 0.0007115	 0.0000303	 0.0001000	 0.0000337
The 89th lambda is 1.77803808672e-06.
iter	    r norm	   eps pri	    s norm	  eps dual	 objective
1000	 0.0000020	 0.0007110	 0.0000557	 0.0001000	 0.0000359
2000	 0.0000002	 0.0007111	 0.0000444	 0.0001000	 0.0000333
3000	 0.0000013	 0.0007112	 0.0000371	 0.0001000	 0.0000315
4000	 0.0000000	 0.0007113	 0.0000321	 0.0001000	 0.0000302
5000	 0.0000000	 0.0007114	 0.0000285	 0.0001000	 0.0000292
The 90th lambda is 1.51514411214e-06.
iter	    r norm	   eps pri	    s norm	  eps dual	 objective
1000	 0.0000005	 0.0007110	 0.0000494	 0.0001000	 0.0000308
2000	 0.0000009	 0.0007110	 0.0000404	 0.0001000	 0.0000287
3000	 0.0000001	 0.0007111	 0.0000340	 0.0001000	 0.0000272
4000	 0.0000003	 0.0007112	 0.0000298	 0.0001000	 0.0000261
5000	 0.0000000	 0.0007113	 0.0000265	 0.0001000	 0.0000253
The 91th lambda is 1.29112064455e-06.
iter	    r norm	   eps pri	    s norm	  eps dual	 objective
1000	 0.0000000	 0.0007110	 0.0000433	 0.0001000	 0.0000264
2000	 0.0000009	 0.0007110	 0.0000363	 0.0001000	 0.0000247
3000	 0.0000000	 0.0007111	 0.0000312	 0.0001000	 0.0000235
4000	 0.0000000	 0.0007112	 0.0000274	 0.0001000	 0.0000226
5000	 0.0000006	 0.0007112	 0.0000245	 0.0001000	 0.0000219
The 92th lambda is 1.10022043806e-06.
iter	    r norm	   eps pri	    s norm	  eps dual	 objective
1000	 0.0000008	 0.0007110	 0.0000380	 0.0001000	 0.0000226
2000	 0.0000008	 0.0007110	 0.0000326	 0.0001000	 0.0000213
3000	 0.0000000	 0.0007111	 0.0000284	 0.0001000	 0.0000203
4000	 0.0000006	 0.0007111	 0.0000252	 0.0001000	 0.0000196
5000	 0.0000000	 0.0007112	 0.0000226	 0.0001000	 0.0000190
The 93th lambda is 9.37546012787e-07.
iter	    r norm	   eps pri	    s norm	  eps dual	 objective
1000	 0.0000000	 0.0007110	 0.0000332	 0.0001000	 0.0000193
2000	 0.0000005	 0.0007110	 0.0000290	 0.0001000	 0.0000184
3000	 0.0000000	 0.0007110	 0.0000257	 0.0001000	 0.0000176
4000	 0.0000000	 0.0007111	 0.0000230	 0.0001000	 0.0000170
5000	 0.0000001	 0.0007111	 0.0000208	 0.0001000	 0.0000165
The 94th lambda is 7.98924011667e-07.
iter	    r norm	   eps pri	    s norm	  eps dual	 objective
1000	 0.0000000	 0.0007109	 0.0000291	 0.0001000	 0.0000166
2000	 0.0000000	 0.0007110	 0.0000257	 0.0001000	 0.0000158
3000	 0.0000003	 0.0007110	 0.0000231	 0.0001000	 0.0000152
4000	 0.0000001	 0.0007111	 0.0000208	 0.0001000	 0.0000147
5000	 0.0000001	 0.0007111	 0.0000191	 0.0001000	 0.0000143
The 95th lambda is 6.80798134398e-07.
iter	    r norm	   eps pri	    s norm	  eps dual	 objective
1000	 0.0000000	 0.0007109	 0.0000253	 0.0001000	 0.0000142
2000	 0.0000000	 0.0007110	 0.0000227	 0.0001000	 0.0000136
3000	 0.0000000	 0.0007110	 0.0000206	 0.0001000	 0.0000131
4000	 0.0000004	 0.0007110	 0.0000189	 0.0001000	 0.0000127
5000	 0.0000001	 0.0007111	 0.0000174	 0.0001000	 0.0000124
The 96th lambda is 5.80137901767e-07.
iter	    r norm	   eps pri	    s norm	  eps dual	 objective
1000	 0.0000000	 0.0007109	 0.0000219	 0.0001000	 0.0000121
2000	 0.0000003	 0.0007110	 0.0000198	 0.0001000	 0.0000117
3000	 0.0000000	 0.0007110	 0.0000183	 0.0001000	 0.0000113
4000	 0.0000000	 0.0007110	 0.0000169	 0.0001000	 0.0000110
5000	 0.0000000	 0.0007110	 0.0000157	 0.0001000	 0.0000107
The 97th lambda is 4.94360909734e-07.
iter	    r norm	   eps pri	    s norm	  eps dual	 objective
1000	 0.0000002	 0.0007109	 0.0000190	 0.0001000	 0.0000104
2000	 0.0000003	 0.0007110	 0.0000174	 0.0001000	 0.0000100
3000	 0.0000000	 0.0007110	 0.0000162	 0.0001000	 0.0000097
4000	 0.0000000	 0.0007110	 0.0000151	 0.0001000	 0.0000095
5000	 0.0000003	 0.0007110	 0.0000141	 0.0001000	 0.0000093
The 98th lambda is 4.21266578738e-07.
iter	    r norm	   eps pri	    s norm	  eps dual	 objective
1000	 0.0000000	 0.0007109	 0.0000164	 0.0001000	 0.0000089
2000	 0.0000000	 0.0007109	 0.0000152	 0.0001000	 0.0000086
3000	 0.0000000	 0.0007110	 0.0000142	 0.0001000	 0.0000084
4000	 0.0000001	 0.0007110	 0.0000134	 0.0001000	 0.0000082
5000	 0.0000000	 0.0007110	 0.0000127	 0.0001000	 0.0000080
The 99th lambda is 3.58979698571e-07.
iter	    r norm	   eps pri	    s norm	  eps dual	 objective
1000	 0.0000000	 0.0007109	 0.0000141	 0.0001000	 0.0000076
2000	 0.0000000	 0.0007109	 0.0000133	 0.0001000	 0.0000074
3000	 0.0000000	 0.0007110	 0.0000125	 0.0001000	 0.0000072
4000	 0.0000000	 0.0007110	 0.0000118	 0.0001000	 0.0000071
5000	 0.0000000	 0.0007110	 0.0000112	 0.0001000	 0.0000069
After 2197.62297702 s get ADMM results
